\BOOKMARK [1][-]{section.1}{Introduction}{}% 1
\BOOKMARK [1][-]{section.2}{\311tat de l'art}{}% 2
\BOOKMARK [2][-]{subsection.2.1}{Contexte}{section.2}% 3
\BOOKMARK [3][-]{subsubsection.2.1.1}{Anorexie mentale}{subsection.2.1}% 4
\BOOKMARK [3][-]{subsubsection.2.1.2}{Sortie de corps}{subsection.2.1}% 5
\BOOKMARK [3][-]{subsubsection.2.1.3}{Bilan}{subsection.2.1}% 6
\BOOKMARK [2][-]{subsection.2.2}{Avatar et environnement 3D}{section.2}% 7
\BOOKMARK [3][-]{subsubsection.2.2.1}{Apparence de l'avatar}{subsection.2.2}% 8
\BOOKMARK [3][-]{subsubsection.2.2.2}{Perception dans un environnement virtuel}{subsection.2.2}% 9
\BOOKMARK [3][-]{subsubsection.2.2.3}{Bilan}{subsection.2.2}% 10
\BOOKMARK [2][-]{subsection.2.3}{Modification d'un corps virtuel}{section.2}% 11
\BOOKMARK [3][-]{subsubsection.2.3.1}{Shape Interpolation}{subsection.2.3}% 12
\BOOKMARK [3][-]{subsubsection.2.3.2}{Morphing 3D}{subsection.2.3}% 13
\BOOKMARK [3][-]{subsubsection.2.3.3}{Mod\351lisation param\351trique}{subsection.2.3}% 14
\BOOKMARK [3][-]{subsubsection.2.3.4}{Bilan}{subsection.2.3}% 15
\BOOKMARK [2][-]{subsection.2.4}{Capture de mouvement}{section.2}% 16
\BOOKMARK [3][-]{subsubsection.2.4.1}{Syst\350me m\351canique}{subsection.2.4}% 17
\BOOKMARK [3][-]{subsubsection.2.4.2}{Syst\350me magn\351tique}{subsection.2.4}% 18
\BOOKMARK [3][-]{subsubsection.2.4.3}{Syst\350me optique}{subsection.2.4}% 19
\BOOKMARK [3][-]{subsubsection.2.4.4}{Bilan}{subsection.2.4}% 20
\BOOKMARK [2][-]{subsection.2.5}{Synth\350se}{section.2}% 21
\BOOKMARK [1][-]{section.3}{Proposition}{}% 22
\BOOKMARK [1][-]{section.4}{R\351alisation}{}% 23
\BOOKMARK [2][-]{subsection.4.1}{Acquisition des mouvements}{section.4}% 24
\BOOKMARK [2][-]{subsection.4.2}{Avatars}{section.4}% 25
\BOOKMARK [3][-]{subsubsection.4.2.1}{Cr\351ation et choix des mod\350les}{subsection.4.2}% 26
\BOOKMARK [3][-]{subsubsection.4.2.2}{Modification de l'avatar}{subsection.4.2}% 27
\BOOKMARK [1][-]{section.5}{M\351thodes d'\351valuation}{}% 28
\BOOKMARK [2][-]{subsection.5.1}{Localisation dans l'espace}{section.5}% 29
\BOOKMARK [2][-]{subsection.5.2}{Perception de la largeur du corps}{section.5}% 30
\BOOKMARK [2][-]{subsection.5.3}{Questionnaire}{section.5}% 31
\BOOKMARK [1][-]{section.6}{Conclusion et Perspectives}{}% 32
\BOOKMARK [1][-]{appendix.A}{Questionnaires }{}% 33
\BOOKMARK [2][-]{subsection.A.1}{Questionnaire 1er et 2\350me conditions }{appendix.A}% 34
\BOOKMARK [2][-]{subsection.A.2}{Questionnaires 3\350me et 4\350me conditions }{appendix.A}% 35
\BOOKMARK [2][-]{subsection.A.3}{Questionnaire final }{appendix.A}% 36
